<?xml version="1.0" encoding="UTF-8"?>
<!-- Generated by org.testng.reporters.JUnitReportReporter -->
<testsuite hostname="DESKTOP-OB07HO0" failures="0" tests="1" name="Signup.TU02_TC_08" time="23.039" errors="0" timestamp="2021-06-17T14:46:16 IST" skipped="0">
  <testcase classname="Signup.TU02_TC_08" name="TestVerifyErrors" time="23.039"/>
  <system-out/>
</testsuite> <!-- Signup.TU02_TC_08 -->
