<?xml version="1.0" encoding="UTF-8"?>
<!-- Generated by org.testng.reporters.JUnitReportReporter -->
<testsuite hostname="nothing" failures="0" tests="1" name="Booking_Flow.TU10_TC_03" time="219.617" errors="0" timestamp="2021-06-11T14:49:29 IST" skipped="0">
  <testcase classname="Booking_Flow.TU10_TC_03" name="TestVerifyErrors" time="219.617"/>
  <system-out/>
</testsuite> <!-- Booking_Flow.TU10_TC_03 -->
