<?xml version="1.0" encoding="UTF-8"?>
<!-- Generated by org.testng.reporters.JUnitReportReporter -->
<testsuite hostname="nothing" failures="0" tests="2" name="Sanity.TU09_TC_01" time="91.010" errors="0" timestamp="2021-07-22T12:51:36 IST" skipped="0">
  <testcase classname="Sanity.TU09_TC_01" name="SearchPage" time="42.202"/>
  <system-out/>
  <testcase classname="Sanity.TU09_TC_01" name="SearchPage" time="48.808"/>
  <system-out/>
</testsuite> <!-- Sanity.TU09_TC_01 -->
