<?xml version="1.0" encoding="UTF-8"?>
<!-- Generated by org.testng.reporters.JUnitReportReporter -->
<testsuite hostname="DESKTOP-OB07HO0" failures="0" tests="1" name="Signup.TU02_TC_02" time="24.024" errors="0" timestamp="2021-06-16T10:07:38 IST" skipped="0">
  <testcase classname="Signup.TU02_TC_02" name="VerifyErrors" time="24.024"/>
  <system-out/>
</testsuite> <!-- Signup.TU02_TC_02 -->
