<?xml version="1.0" encoding="UTF-8"?>
<!-- Generated by org.testng.reporters.JUnitReportReporter -->
<testsuite hostname="nothing" failures="0" tests="2" name="Sanity.TU03_TC_01" time="30.907" errors="0" timestamp="2021-08-05T11:46:20 IST" skipped="0">
  <testcase classname="Sanity.TU03_TC_01" name="TestVerifyLogin" time="17.065"/>
  <system-out/>
  <testcase classname="Sanity.TU03_TC_01" name="TestVerifyLogin" time="13.842"/>
  <system-out/>
</testsuite> <!-- Sanity.TU03_TC_01 -->
