<?xml version="1.0" encoding="UTF-8"?>
<!-- Generated by org.testng.reporters.JUnitReportReporter -->
<testsuite hostname="nothing" failures="0" tests="1" name="Booking_Flow.TU10_TC_07" time="95.327" errors="0" timestamp="2021-06-11T15:57:50 IST" skipped="0">
  <testcase classname="Booking_Flow.TU10_TC_07" name="TestErrorvalidation" time="95.327"/>
  <system-out/>
</testsuite> <!-- Booking_Flow.TU10_TC_07 -->
