<?xml version="1.0" encoding="UTF-8"?>
<!-- Generated by org.testng.reporters.JUnitReportReporter -->
<testsuite hostname="nothing" failures="0" tests="1" name="TestCases.TU4_TC_01" time="25.883" errors="0" timestamp="2021-05-12T18:55:11 IST" skipped="0">
  <testcase classname="TestCases.TU4_TC_01" name="TestSupport" time="25.883"/>
  <system-out/>
</testsuite> <!-- TestCases.TU4_TC_01 -->
