<?xml version="1.0" encoding="UTF-8"?>
<!-- Generated by org.testng.reporters.JUnitReportReporter -->
<testsuite hostname="nothing" failures="0" tests="2" name="Sanity.TU02_TC_01" time="39.184" errors="0" timestamp="2021-07-26T11:35:50 IST" skipped="0">
  <testcase classname="Sanity.TU02_TC_01" name="TestSignUp" time="18.075"/>
  <system-out/>
  <testcase classname="Sanity.TU02_TC_01" name="TestSignUp" time="21.109"/>
  <system-out/>
</testsuite> <!-- Sanity.TU02_TC_01 -->
