<?xml version="1.0" encoding="UTF-8"?>
<!-- Generated by org.testng.reporters.JUnitReportReporter -->
<testsuite hostname="nothing" failures="0" tests="1" name="Sanity.TU11_TC_01" time="55.386" errors="0" timestamp="2021-07-30T10:53:16 IST" skipped="0">
  <testcase classname="Sanity.TU11_TC_01" name="TestHotelPage" time="55.386"/>
  <system-out/>
</testsuite> <!-- Sanity.TU11_TC_01 -->
