<?xml version="1.0" encoding="UTF-8"?>
<!-- Generated by org.testng.reporters.JUnitReportReporter -->
<testsuite hostname="nothing" failures="0" tests="2" name="Sanity.TU02_TC_01" time="36.666" errors="0" timestamp="2021-07-19T09:48:21 IST" skipped="0">
  <testcase classname="Sanity.TU02_TC_01" name="TestSignUp" time="20.143"/>
  <system-out/>
  <testcase classname="Sanity.TU02_TC_01" name="TestSignUp" time="16.523"/>
  <system-out/>
</testsuite> <!-- Sanity.TU02_TC_01 -->
