<?xml version="1.0" encoding="UTF-8"?>
<!-- Generated by org.testng.reporters.JUnitReportReporter -->
<testsuite hostname="nothing" failures="0" tests="2" name="Sanity.TU09_TC_01" time="101.048" errors="0" timestamp="2021-08-03T13:28:31 IST" skipped="0">
  <testcase classname="Sanity.TU09_TC_01" name="SearchPage" time="50.471"/>
  <system-out/>
  <testcase classname="Sanity.TU09_TC_01" name="SearchPage" time="50.577"/>
  <system-out/>
</testsuite> <!-- Sanity.TU09_TC_01 -->
