<?xml version="1.0" encoding="UTF-8"?>
<!-- Generated by org.testng.reporters.JUnitReportReporter -->
<testsuite hostname="DESKTOP-OB07HO0" failures="0" tests="1" name="TestCases.LP" time="81.852" errors="0" timestamp="2021-05-27T19:16:43 IST" skipped="0">
  <testcase classname="TestCases.LP" name="TestLP" time="81.852"/>
  <system-out/>
</testsuite> <!-- TestCases.LP -->
