<?xml version="1.0" encoding="UTF-8"?>
<!-- Generated by org.testng.reporters.JUnitReportReporter -->
<testsuite hostname="nothing" failures="0" tests="1" name="Booking_Flow.TU10_TC_08" time="107.581" errors="0" timestamp="2021-06-11T16:08:17 IST" skipped="0">
  <testcase classname="Booking_Flow.TU10_TC_08" name="TestvrifyErrors" time="107.581"/>
  <system-out/>
</testsuite> <!-- Booking_Flow.TU10_TC_08 -->
