<?xml version="1.0" encoding="UTF-8"?>
<!-- Generated by org.testng.reporters.JUnitReportReporter -->
<testsuite hostname="nothing" failures="0" tests="1" name="Sanity.TU03_TC_01" time="13.235" errors="0" timestamp="2021-07-30T10:53:16 IST" skipped="0">
  <testcase classname="Sanity.TU03_TC_01" name="TestVerifyLogin" time="13.235"/>
  <system-out/>
</testsuite> <!-- Sanity.TU03_TC_01 -->
