<?xml version="1.0" encoding="UTF-8"?>
<!-- Generated by org.testng.reporters.JUnitReportReporter -->
<testsuite hostname="nothing" failures="0" tests="2" name="Sanity.TU01_TC_01" time="21.942" errors="0" timestamp="2021-07-22T12:51:36 IST" skipped="0">
  <testcase classname="Sanity.TU01_TC_01" name="VerifyThePortal" time="13.349"/>
  <system-out/>
  <testcase classname="Sanity.TU01_TC_01" name="VerifyThePortal" time="8.593"/>
  <system-out/>
</testsuite> <!-- Sanity.TU01_TC_01 -->
