<?xml version="1.0" encoding="UTF-8"?>
<!-- Generated by org.testng.reporters.JUnitReportReporter -->
<testsuite hostname="nothing" failures="0" tests="1" name="Sanity.TU10_TC_02" time="322.795" errors="0" timestamp="2021-07-15T17:21:10 IST" skipped="0">
  <testcase classname="Sanity.TU10_TC_02" name="VerifyWithAllInputs" time="322.795"/>
  <system-out/>
</testsuite> <!-- Sanity.TU10_TC_02 -->
