<?xml version="1.0" encoding="UTF-8"?>
<!-- Generated by org.testng.reporters.JUnitReportReporter -->
<testsuite hostname="nothing" failures="0" tests="1" name="TestCases.TU1_TC_01" time="5.266" errors="0" timestamp="2021-05-11T13:12:50 IST" skipped="0">
  <testcase classname="TestCases.TU1_TC_01" name="TestSite" time="5.266"/>
  <system-out/>
</testsuite> <!-- TestCases.TU1_TC_01 -->
