<?xml version="1.0" encoding="UTF-8"?>
<!-- Generated by org.testng.reporters.JUnitReportReporter -->
<testsuite hostname="nothing" failures="0" tests="2" name="Sanity.TU11_TC_01" time="112.592" errors="0" timestamp="2021-07-19T09:48:21 IST" skipped="0">
  <testcase classname="Sanity.TU11_TC_01" name="TestHotelPage" time="51.961"/>
  <system-out/>
  <testcase classname="Sanity.TU11_TC_01" name="TestHotelPage" time="60.631"/>
  <system-out/>
</testsuite> <!-- Sanity.TU11_TC_01 -->
