<?xml version="1.0" encoding="UTF-8"?>
<!-- Generated by org.testng.reporters.JUnitReportReporter -->
<testsuite hostname="nothing" failures="0" tests="2" name="Sanity.TU08_TC_02" time="83.332" errors="0" timestamp="2021-08-03T13:28:31 IST" skipped="0">
  <testcase classname="Sanity.TU08_TC_02" name="HomPage" time="44.390"/>
  <system-out/>
  <testcase classname="Sanity.TU08_TC_02" name="HomPage" time="38.942"/>
  <system-out/>
</testsuite> <!-- Sanity.TU08_TC_02 -->
