<?xml version="1.0" encoding="UTF-8"?>
<!-- Generated by org.testng.reporters.JUnitReportReporter -->
<testsuite hostname="nothing" failures="0" tests="1" name="Sanity.TU09_TC_01" time="54.902" errors="0" timestamp="2021-07-13T18:03:31 IST" skipped="0">
  <testcase classname="Sanity.TU09_TC_01" name="SearchPage" time="54.902"/>
  <system-out/>
</testsuite> <!-- Sanity.TU09_TC_01 -->
