<?xml version="1.0" encoding="UTF-8"?>
<!-- Generated by org.testng.reporters.JUnitReportReporter -->
<testsuite hostname="nothing" failures="0" tests="2" name="Sanity.TU01_TC_01" time="22.014" errors="0" timestamp="2021-07-19T09:48:21 IST" skipped="0">
  <testcase classname="Sanity.TU01_TC_01" name="VerifyThePortal" time="9.688"/>
  <system-out/>
  <testcase classname="Sanity.TU01_TC_01" name="VerifyThePortal" time="12.326"/>
  <system-out/>
</testsuite> <!-- Sanity.TU01_TC_01 -->
