<?xml version="1.0" encoding="UTF-8"?>
<!-- Generated by org.testng.reporters.JUnitReportReporter -->
<testsuite hostname="nothing" failures="0" tests="2" name="Sanity.TU02_TC_01" time="35.936" errors="0" timestamp="2021-07-22T12:51:36 IST" skipped="0">
  <testcase classname="Sanity.TU02_TC_01" name="TestSignUp" time="19.387"/>
  <system-out/>
  <testcase classname="Sanity.TU02_TC_01" name="TestSignUp" time="16.549"/>
  <system-out/>
</testsuite> <!-- Sanity.TU02_TC_01 -->
