<?xml version="1.0" encoding="UTF-8"?>
<!-- Generated by org.testng.reporters.JUnitReportReporter -->
<testsuite hostname="DESKTOP-OB07HO0" failures="0" tests="1" name="TestCases.TU8_TC_05" time="48.835" errors="0" timestamp="2021-05-27T14:50:39 IST" skipped="0">
  <testcase classname="TestCases.TU8_TC_05" name="TestDestination" time="48.835"/>
  <system-out/>
</testsuite> <!-- TestCases.TU8_TC_05 -->
