<?xml version="1.0" encoding="UTF-8"?>
<!-- Generated by org.testng.reporters.JUnitReportReporter -->
<testsuite hostname="nothing" failures="0" tests="2" name="Sanity.TU08_TC_02" time="85.515" errors="0" timestamp="2021-08-09T17:37:12 IST" skipped="0">
  <testcase classname="Sanity.TU08_TC_02" name="HomPage" time="40.239"/>
  <system-out/>
  <testcase classname="Sanity.TU08_TC_02" name="HomPage" time="45.276"/>
  <system-out/>
</testsuite> <!-- Sanity.TU08_TC_02 -->
