<?xml version="1.0" encoding="UTF-8"?>
<!-- Generated by org.testng.reporters.JUnitReportReporter -->
<testsuite hostname="nothing" failures="0" tests="1" name="TestCases.TU3_TC_01" time="25.812" errors="0" timestamp="2021-05-12T18:55:11 IST" skipped="0">
  <testcase classname="TestCases.TU3_TC_01" name="TestLogin" time="25.812"/>
  <system-out/>
</testsuite> <!-- TestCases.TU3_TC_01 -->
