<?xml version="1.0" encoding="UTF-8"?>
<!-- Generated by org.testng.reporters.JUnitReportReporter -->
<testsuite hostname="nothing" failures="0" tests="2" name="Sanity.TU11_TC_01" time="115.062" errors="0" timestamp="2021-08-03T13:28:31 IST" skipped="0">
  <testcase classname="Sanity.TU11_TC_01" name="TestHotelPage" time="54.057"/>
  <system-out/>
  <testcase classname="Sanity.TU11_TC_01" name="TestHotelPage" time="61.005"/>
  <system-out/>
</testsuite> <!-- Sanity.TU11_TC_01 -->
