<?xml version="1.0" encoding="UTF-8"?>
<!-- Generated by org.testng.reporters.JUnitReportReporter -->
<testsuite hostname="DESKTOP-OB07HO0" failures="0" tests="1" name="TestCases.TU2_TC_01" time="35.532" errors="0" timestamp="2021-05-27T14:50:39 IST" skipped="0">
  <testcase classname="TestCases.TU2_TC_01" name="TestSignUp" time="35.532"/>
  <system-out/>
</testsuite> <!-- TestCases.TU2_TC_01 -->
