<?xml version="1.0" encoding="UTF-8"?>
<!-- Generated by org.testng.reporters.JUnitReportReporter -->
<testsuite hostname="DESKTOP-OB07HO0" failures="0" tests="1" name="TestCases.LP" time="82.554" errors="0" timestamp="2021-05-28T09:36:14 IST" skipped="0">
  <testcase classname="TestCases.LP" name="TestLP" time="82.554"/>
  <system-out/>
</testsuite> <!-- TestCases.LP -->
