<?xml version="1.0" encoding="UTF-8"?>
<!-- Generated by org.testng.reporters.JUnitReportReporter -->
<testsuite hostname="nothing" failures="0" tests="1" name="Sanity.TU03_TC_01" time="13.740" errors="0" timestamp="2021-08-03T18:20:51 IST" skipped="0">
  <testcase classname="Sanity.TU03_TC_01" name="TestVerifyLogin" time="13.740"/>
  <system-out/>
</testsuite> <!-- Sanity.TU03_TC_01 -->
