<?xml version="1.0" encoding="UTF-8"?>
<!-- Generated by org.testng.reporters.JUnitReportReporter -->
<testsuite hostname="DESKTOP-OB07HO0" failures="0" tests="1" name="TestCases.TU10_TC_01" time="99.983" errors="0" timestamp="2021-06-10T10:09:10 IST" skipped="0">
  <testcase classname="TestCases.TU10_TC_01" name="VerifyErrors" time="99.983"/>
  <system-out/>
</testsuite> <!-- TestCases.TU10_TC_01 -->
