<?xml version="1.0" encoding="UTF-8"?>
<!-- Generated by org.testng.reporters.JUnitReportReporter -->
<testsuite hostname="nothing" failures="0" tests="1" name="Sanity.TU01_TC_01" time="8.803" errors="0" timestamp="2021-07-30T10:53:16 IST" skipped="0">
  <testcase classname="Sanity.TU01_TC_01" name="VerifyThePortal" time="8.803"/>
  <system-out/>
</testsuite> <!-- Sanity.TU01_TC_01 -->
