<?xml version="1.0" encoding="UTF-8"?>
<!-- Generated by org.testng.reporters.JUnitReportReporter -->
<testsuite hostname="DESKTOP-OB07HO0" failures="0" tests="1" name="Booking_Flow.TU10_TC_01" time="151.517" errors="0" timestamp="2021-06-14T12:43:27 IST" skipped="0">
  <testcase classname="Booking_Flow.TU10_TC_01" name="VerifyErrors" time="151.517"/>
  <system-out/>
</testsuite> <!-- Booking_Flow.TU10_TC_01 -->
