<?xml version="1.0" encoding="UTF-8"?>
<!-- Generated by org.testng.reporters.JUnitReportReporter -->
<testsuite hostname="nothing" failures="0" tests="2" name="Sanity.TU02_TC_01" time="43.520" errors="0" timestamp="2021-08-09T17:37:12 IST" skipped="0">
  <testcase classname="Sanity.TU02_TC_01" name="TestSignUp" time="22.943"/>
  <system-out/>
  <testcase classname="Sanity.TU02_TC_01" name="TestSignUp" time="20.577"/>
  <system-out/>
</testsuite> <!-- Sanity.TU02_TC_01 -->
