<?xml version="1.0" encoding="UTF-8"?>
<!-- Generated by org.testng.reporters.JUnitReportReporter -->
<testsuite hostname="nothing" failures="0" tests="1" name="TestCases.TU9_TC_01" time="458.983" errors="0" timestamp="2021-05-12T18:55:11 IST" skipped="0">
  <testcase classname="TestCases.TU9_TC_01" name="TestSelectHotel" time="458.983"/>
  <system-out/>
</testsuite> <!-- TestCases.TU9_TC_01 -->
