<?xml version="1.0" encoding="UTF-8"?>
<!-- Generated by org.testng.reporters.JUnitReportReporter -->
<testsuite hostname="nothing" failures="0" tests="1" name="Sanity.TU09_TC_01" time="44.964" errors="0" timestamp="2021-07-30T10:53:16 IST" skipped="0">
  <testcase classname="Sanity.TU09_TC_01" name="SearchPage" time="44.964"/>
  <system-out/>
</testsuite> <!-- Sanity.TU09_TC_01 -->
