<?xml version="1.0" encoding="UTF-8"?>
<!-- Generated by org.testng.reporters.JUnitReportReporter -->
<testsuite hostname="nothing" failures="0" tests="2" name="Sanity.TU01_TC_01" time="19.696" errors="0" timestamp="2021-07-26T11:44:15 IST" skipped="0">
  <testcase classname="Sanity.TU01_TC_01" name="VerifyThePortal" time="10.813"/>
  <system-out/>
  <testcase classname="Sanity.TU01_TC_01" name="VerifyThePortal" time="8.883"/>
  <system-out/>
</testsuite> <!-- Sanity.TU01_TC_01 -->
