<?xml version="1.0" encoding="UTF-8"?>
<!-- Generated by org.testng.reporters.JUnitReportReporter -->
<testsuite hostname="DESKTOP-OB07HO0" failures="0" tests="1" name="Booking_Flow.TU10_TC_01" time="102.839" errors="0" timestamp="2021-06-29T16:25:02 IST" skipped="0">
  <testcase classname="Booking_Flow.TU10_TC_01" name="VerifyErrors" time="102.839"/>
  <system-out/>
</testsuite> <!-- Booking_Flow.TU10_TC_01 -->
