<?xml version="1.0" encoding="UTF-8"?>
<!-- Generated by org.testng.reporters.JUnitReportReporter -->
<testsuite hostname="DESKTOP-OB07HO0" failures="0" tests="1" name="Login.TU03_TC_01" time="20.173" errors="0" timestamp="2021-07-09T07:44:01 IST" skipped="0">
  <testcase classname="Login.TU03_TC_01" name="TestVerifyLogin" time="20.173"/>
  <system-out/>
</testsuite> <!-- Login.TU03_TC_01 -->
