<?xml version="1.0" encoding="UTF-8"?>
<!-- Generated by org.testng.reporters.JUnitReportReporter -->
<testsuite hostname="nothing" failures="0" tests="1" name="TestCases.TU8_TC_08" time="21.271" errors="0" timestamp="2021-05-03T12:16:24 IST" skipped="0">
  <testcase classname="TestCases.TU8_TC_08" name="TestDestination" time="21.271"/>
  <system-out/>
</testsuite> <!-- TestCases.TU8_TC_08 -->
