<?xml version="1.0" encoding="UTF-8"?>
<!-- Generated by org.testng.reporters.JUnitReportReporter -->
<testsuite hostname="nothing" failures="0" tests="1" name="Sanity.TU11_TC_01" time="60.208" errors="0" timestamp="2021-08-02T15:27:27 IST" skipped="0">
  <testcase classname="Sanity.TU11_TC_01" name="TestHotelPage" time="60.208"/>
  <system-out/>
</testsuite> <!-- Sanity.TU11_TC_01 -->
