<?xml version="1.0" encoding="UTF-8"?>
<!-- Generated by org.testng.reporters.JUnitReportReporter -->
<testsuite hostname="nothing" failures="0" tests="1" name="Sanity.TU11_TC_01" time="64.292" errors="0" timestamp="2021-07-15T15:37:27 IST" skipped="0">
  <testcase classname="Sanity.TU11_TC_01" name="TestHotelPage" time="64.292"/>
  <system-out/>
</testsuite> <!-- Sanity.TU11_TC_01 -->
