<?xml version="1.0" encoding="UTF-8"?>
<!-- Generated by org.testng.reporters.JUnitReportReporter -->
<testsuite hostname="nothing" failures="0" tests="2" name="Sanity.TU09_TC_01" time="96.079" errors="0" timestamp="2021-07-19T09:48:21 IST" skipped="0">
  <testcase classname="Sanity.TU09_TC_01" name="SearchPage" time="53.016"/>
  <system-out/>
  <testcase classname="Sanity.TU09_TC_01" name="SearchPage" time="43.063"/>
  <system-out/>
</testsuite> <!-- Sanity.TU09_TC_01 -->
