<?xml version="1.0" encoding="UTF-8"?>
<!-- Generated by org.testng.reporters.JUnitReportReporter -->
<testsuite hostname="nothing" failures="0" tests="1" name="Sanity.TU08_TC_02" time="43.558" errors="0" timestamp="2021-07-14T16:50:45 IST" skipped="0">
  <testcase classname="Sanity.TU08_TC_02" name="HomPage" time="43.558"/>
  <system-out/>
</testsuite> <!-- Sanity.TU08_TC_02 -->
