<?xml version="1.0" encoding="UTF-8"?>
<!-- Generated by org.testng.reporters.JUnitReportReporter -->
<testsuite hostname="nothing" failures="0" tests="2" name="Sanity.TU11_TC_01" time="134.250" errors="0" timestamp="2021-07-26T11:35:50 IST" skipped="0">
  <testcase classname="Sanity.TU11_TC_01" name="TestHotelPage" time="71.065"/>
  <system-out/>
  <testcase classname="Sanity.TU11_TC_01" name="TestHotelPage" time="63.185"/>
  <system-out/>
</testsuite> <!-- Sanity.TU11_TC_01 -->
