<?xml version="1.0" encoding="UTF-8"?>
<!-- Generated by org.testng.reporters.JUnitReportReporter -->
<testsuite hostname="nothing" failures="0" tests="1" name="TestCases.TU2_TC_01" time="36.521" errors="0" timestamp="2021-05-12T18:55:11 IST" skipped="0">
  <testcase classname="TestCases.TU2_TC_01" name="TestSignUp" time="36.521"/>
  <system-out/>
</testsuite> <!-- TestCases.TU2_TC_01 -->
