<?xml version="1.0" encoding="UTF-8"?>
<!-- Generated by org.testng.reporters.JUnitReportReporter -->
<testsuite hostname="DESKTOP-OB07HO0" failures="0" tests="1" name="Signup.TU02_TC_02" time="20.142" errors="0" timestamp="2021-06-30T08:46:49 IST" skipped="0">
  <testcase classname="Signup.TU02_TC_02" name="VerifyErrors" time="20.142"/>
  <system-out/>
</testsuite> <!-- Signup.TU02_TC_02 -->
