<?xml version="1.0" encoding="UTF-8"?>
<!-- Generated by org.testng.reporters.JUnitReportReporter -->
<testsuite hostname="DESKTOP-OB07HO0" failures="0" tests="1" name="Portal.TU01_TC_01" time="18.738" errors="0" timestamp="2021-07-07T11:09:42 IST" skipped="0">
  <testcase classname="Portal.TU01_TC_01" name="VerifyThePortal" time="18.738"/>
  <system-out/>
</testsuite> <!-- Portal.TU01_TC_01 -->
