<?xml version="1.0" encoding="UTF-8"?>
<!-- Generated by org.testng.reporters.JUnitReportReporter -->
<testsuite hostname="nothing" failures="0" tests="2" name="Sanity.TU11_TC_01" time="105.626" errors="0" timestamp="2021-08-09T17:37:12 IST" skipped="0">
  <testcase classname="Sanity.TU11_TC_01" name="TestHotelPage" time="48.225"/>
  <system-out/>
  <testcase classname="Sanity.TU11_TC_01" name="TestHotelPage" time="57.401"/>
  <system-out/>
</testsuite> <!-- Sanity.TU11_TC_01 -->
