<?xml version="1.0" encoding="UTF-8"?>
<!-- Generated by org.testng.reporters.JUnitReportReporter -->
<testsuite hostname="nothing" failures="0" tests="1" name="Sanity.TU02_TC_01" time="18.927" errors="0" timestamp="2021-07-26T16:44:39 IST" skipped="0">
  <testcase classname="Sanity.TU02_TC_01" name="TestSignUp" time="18.927"/>
  <system-out/>
</testsuite> <!-- Sanity.TU02_TC_01 -->
