<?xml version="1.0" encoding="UTF-8"?>
<!-- Generated by org.testng.reporters.JUnitReportReporter -->
<testsuite hostname="nothing" failures="0" tests="2" name="Sanity.TU03_TC_01" time="29.907" errors="0" timestamp="2021-08-09T17:37:12 IST" skipped="0">
  <testcase classname="Sanity.TU03_TC_01" name="TestVerifyLogin" time="14.206"/>
  <system-out/>
  <testcase classname="Sanity.TU03_TC_01" name="TestVerifyLogin" time="15.701"/>
  <system-out/>
</testsuite> <!-- Sanity.TU03_TC_01 -->
