<?xml version="1.0" encoding="UTF-8"?>
<!-- Generated by org.testng.reporters.JUnitReportReporter -->
<testsuite hostname="nothing" failures="0" tests="1" name="Booking_Flow.TU10_TC_06" time="84.610" errors="0" timestamp="2021-06-11T15:55:03 IST" skipped="0">
  <testcase classname="Booking_Flow.TU10_TC_06" name="TestVerifyErrors" time="84.610"/>
  <system-out/>
</testsuite> <!-- Booking_Flow.TU10_TC_06 -->
