<?xml version="1.0" encoding="UTF-8"?>
<!-- Generated by org.testng.reporters.JUnitReportReporter -->
<testsuite hostname="nothing" failures="0" tests="1" name="Sanity.TU08_TC_02" time="39.482" errors="0" timestamp="2021-07-26T17:13:26 IST" skipped="0">
  <testcase classname="Sanity.TU08_TC_02" name="HomPage" time="39.482"/>
  <system-out/>
</testsuite> <!-- Sanity.TU08_TC_02 -->
