<?xml version="1.0" encoding="UTF-8"?>
<!-- Generated by org.testng.reporters.JUnitReportReporter -->
<testsuite hostname="nothing" failures="0" tests="2" name="Sanity.TU08_TC_02" time="85.728" errors="0" timestamp="2021-07-26T14:26:09 IST" skipped="0">
  <testcase classname="Sanity.TU08_TC_02" name="HomPage" time="47.656"/>
  <system-out/>
  <testcase classname="Sanity.TU08_TC_02" name="HomPage" time="38.072"/>
  <system-out/>
</testsuite> <!-- Sanity.TU08_TC_02 -->
