<?xml version="1.0" encoding="UTF-8"?>
<!-- Generated by org.testng.reporters.JUnitReportReporter -->
<testsuite hostname="nothing" failures="0" tests="1" name="Sanity.TU11_TC_01" time="48.021" errors="0" timestamp="2021-08-04T13:02:00 IST" skipped="0">
  <testcase classname="Sanity.TU11_TC_01" name="TestHotelPage" time="48.021"/>
  <system-out/>
</testsuite> <!-- Sanity.TU11_TC_01 -->
