<?xml version="1.0" encoding="UTF-8"?>
<!-- Generated by org.testng.reporters.JUnitReportReporter -->
<testsuite hostname="nothing" failures="0" tests="2" name="Sanity.TU09_TC_01" time="108.422" errors="0" timestamp="2021-08-09T17:37:12 IST" skipped="0">
  <testcase classname="Sanity.TU09_TC_01" name="SearchPage" time="54.965"/>
  <system-out/>
  <testcase classname="Sanity.TU09_TC_01" name="SearchPage" time="53.457"/>
  <system-out/>
</testsuite> <!-- Sanity.TU09_TC_01 -->
