<?xml version="1.0" encoding="UTF-8"?>
<!-- Generated by org.testng.reporters.JUnitReportReporter -->
<testsuite hostname="nothing" failures="0" tests="2" name="Sanity.TU08_TC_02" time="86.399" errors="0" timestamp="2021-07-26T11:35:50 IST" skipped="0">
  <testcase classname="Sanity.TU08_TC_02" name="HomPage" time="40.232"/>
  <system-out/>
  <testcase classname="Sanity.TU08_TC_02" name="HomPage" time="46.167"/>
  <system-out/>
</testsuite> <!-- Sanity.TU08_TC_02 -->
