<?xml version="1.0" encoding="UTF-8"?>
<!-- Generated by org.testng.reporters.JUnitReportReporter -->
<testsuite hostname="nothing" failures="0" tests="1" name="Booking_Flow.TU10_TC_01" time="143.860" errors="0" timestamp="2021-06-11T14:39:41 IST" skipped="0">
  <testcase classname="Booking_Flow.TU10_TC_01" name="VerifyErrors" time="143.860"/>
  <system-out/>
</testsuite> <!-- Booking_Flow.TU10_TC_01 -->
