<?xml version="1.0" encoding="UTF-8"?>
<!-- Generated by org.testng.reporters.JUnitReportReporter -->
<testsuite hostname="nothing" failures="0" tests="2" name="Sanity.TU03_TC_01" time="26.468" errors="0" timestamp="2021-07-19T09:48:21 IST" skipped="0">
  <testcase classname="Sanity.TU03_TC_01" name="TestVerifyLogin" time="11.623"/>
  <system-out/>
  <testcase classname="Sanity.TU03_TC_01" name="TestVerifyLogin" time="14.845"/>
  <system-out/>
</testsuite> <!-- Sanity.TU03_TC_01 -->
