<?xml version="1.0" encoding="UTF-8"?>
<!-- Generated by org.testng.reporters.JUnitReportReporter -->
<testsuite hostname="nothing" failures="0" tests="2" name="Sanity.TU08_TC_02" time="85.891" errors="0" timestamp="2021-08-05T11:46:20 IST" skipped="0">
  <testcase classname="Sanity.TU08_TC_02" name="HomPage" time="38.077"/>
  <system-out/>
  <testcase classname="Sanity.TU08_TC_02" name="HomPage" time="47.814"/>
  <system-out/>
</testsuite> <!-- Sanity.TU08_TC_02 -->
