<?xml version="1.0" encoding="UTF-8"?>
<!-- Generated by org.testng.reporters.JUnitReportReporter -->
<testsuite hostname="DESKTOP-OB07HO0" failures="0" tests="1" name="TestCases.TU2_TC_01" time="46.652" errors="0" timestamp="2021-06-14T12:43:27 IST" skipped="0">
  <testcase classname="TestCases.TU2_TC_01" name="TestSignUp" time="46.652"/>
  <system-out/>
</testsuite> <!-- TestCases.TU2_TC_01 -->
