<?xml version="1.0" encoding="UTF-8"?>
<!-- Generated by org.testng.reporters.JUnitReportReporter -->
<testsuite hostname="nothing" failures="0" tests="1" name="TestCases.TU8_TC_05" time="33.528" errors="0" timestamp="2021-05-12T19:10:40 IST" skipped="0">
  <testcase classname="TestCases.TU8_TC_05" name="TestDestination" time="33.528"/>
  <system-out/>
</testsuite> <!-- TestCases.TU8_TC_05 -->
