<?xml version="1.0" encoding="UTF-8"?>
<!-- Generated by org.testng.reporters.JUnitReportReporter -->
<testsuite hostname="nothing" failures="0" tests="1" name="TestCases.TU2_TC_01" time="30.516" errors="0" timestamp="2021-05-12T19:10:40 IST" skipped="0">
  <testcase classname="TestCases.TU2_TC_01" name="TestSignUp" time="30.516"/>
  <system-out/>
</testsuite> <!-- TestCases.TU2_TC_01 -->
