<?xml version="1.0" encoding="UTF-8"?>
<!-- Generated by org.testng.reporters.JUnitReportReporter -->
<testsuite hostname="nothing" failures="0" tests="1" name="TestCases.TU3_TC_01" time="23.256" errors="0" timestamp="2021-05-12T19:10:40 IST" skipped="0">
  <testcase classname="TestCases.TU3_TC_01" name="TestLogin" time="23.256"/>
  <system-out/>
</testsuite> <!-- TestCases.TU3_TC_01 -->
