<?xml version="1.0" encoding="UTF-8"?>
<!-- Generated by org.testng.reporters.JUnitReportReporter -->
<testsuite hostname="nothing" failures="0" tests="1" name="TestCases.TU4_TC_01" time="16.935" errors="0" timestamp="2021-05-12T19:10:40 IST" skipped="0">
  <testcase classname="TestCases.TU4_TC_01" name="TestSupport" time="16.935"/>
  <system-out/>
</testsuite> <!-- TestCases.TU4_TC_01 -->
